
=== Mon Mar  4 16:05:00 2024

Packages were changed.
Update Mode: updateDependencies

The following packages were added:
  com.unity.ide.visualstudio@2.0.22
  com.unity.ai.navigation@1.1.5
The following packages were updated:
  com.unity.2d.pixel-perfect from version 2.0.4 to 5.0.3
  com.unity.ads from version 2.0.8 to 4.4.2
  com.unity.analytics from version 3.3.5 to 3.8.1
  com.unity.cinemachine from version 2.5.0 to 2.9.5
  com.unity.collab-proxy from version 1.2.16 to 2.2.0
  com.unity.ide.rider from version 1.1.4 to 3.0.27
  com.unity.ide.vscode from version 1.1.4 to 1.2.5
  com.unity.purchasing from version 2.0.6 to 4.9.3
  com.unity.test-framework from version 1.1.11 to 1.1.33
  com.unity.textmeshpro from version 2.0.1 to 3.0.6
  com.unity.timeline from version 1.2.12 to 1.7.6
  com.unity.xr.legacyinputhelpers from version 1.3.8 to 2.1.10
The following packages were removed:
  com.unity.multiplayer-hlapi@1.0.4

=== Mon Mar  4 16:25:17 2024

Packages were changed.
Update Mode: updateDependencies

The following packages were added:
  com.unity.ide.visualstudio@2.0.22
  com.unity.ai.navigation@1.1.5
The following packages were updated:
  com.unity.2d.pixel-perfect from version 2.0.4 to 5.0.3
  com.unity.ads from version 2.0.8 to 4.4.2
  com.unity.analytics from version 3.3.5 to 3.8.1
  com.unity.cinemachine from version 2.5.0 to 2.9.5
  com.unity.collab-proxy from version 1.2.16 to 2.2.0
  com.unity.ide.rider from version 1.1.4 to 3.0.27
  com.unity.ide.vscode from version 1.1.4 to 1.2.5
  com.unity.purchasing from version 2.0.6 to 4.9.3
  com.unity.test-framework from version 1.1.11 to 1.1.33
  com.unity.textmeshpro from version 2.0.1 to 3.0.6
  com.unity.timeline from version 1.2.12 to 1.7.6
  com.unity.xr.legacyinputhelpers from version 1.3.8 to 2.1.10
The following packages were removed:
  com.unity.multiplayer-hlapi@1.0.4
